2022-01-14 23:41:53,566:INFO:mssql-conf: Trying to make owner and group of the log files at /var/opt/mssql/log/mssql-conf mssql.
2022-01-14 23:41:53,567:INFO:mssql-conf: Found user ID (10001) and group ID (999) for user mssql.
2022-01-14 23:41:53,567:INFO:mssql-conf: Trying chown the directory.
2022-01-14 23:41:53,568:INFO:mssql-conf: Succesfully chown'd the directory.
2022-01-14 23:41:53,571:INFO:mssql-conf: Trying to set ownership for file /var/opt/mssql/log/mssql-conf/mssql-conf.log.
2022-01-14 23:41:53,573:INFO:mssql-conf: Successfully set ownership for file.
2022-01-14 23:41:53,573:INFO:mssql-conf: Changing the permissions of the file to 660.
2022-01-14 23:41:53,574:INFO:mssql-conf: Changed the permissions of the file.
2022-01-14 23:41:53,574:INFO:mssql-conf: Successfully changed ownership for the directory /var/opt/mssql/log/mssql-conf and all files in that directory.
2022-01-14 23:41:53,575:INFO:mssql-conf: Added shutdown hook to ensure ownership on the log files is correct.
2022-01-14 23:41:53,575:INFO:mssql-conf: Logging has been fully configured.
2022-01-14 23:41:53,575:INFO:mssql-conf: Executing command: [get]
2022-01-14 23:41:53,576:INFO:mssql-conf: Executed command [get] successfully
2022-01-14 23:41:53,576:INFO:mssql-conf: Trying to make owner and group of the log files at /var/opt/mssql/log/mssql-conf mssql.
2022-01-14 23:41:53,576:INFO:mssql-conf: Found user ID (10001) and group ID (999) for user mssql.
2022-01-14 23:41:53,577:INFO:mssql-conf: Trying chown the directory.
2022-01-14 23:41:53,577:INFO:mssql-conf: Succesfully chown'd the directory.
2022-01-14 23:41:53,579:INFO:mssql-conf: Trying to set ownership for file /var/opt/mssql/log/mssql-conf/mssql-conf.log.
2022-01-14 23:41:53,580:INFO:mssql-conf: Successfully set ownership for file.
2022-01-14 23:41:53,581:INFO:mssql-conf: Changing the permissions of the file to 660.
2022-01-14 23:41:53,581:INFO:mssql-conf: Changed the permissions of the file.
2022-01-14 23:41:53,581:INFO:mssql-conf: Successfully changed ownership for the directory /var/opt/mssql/log/mssql-conf and all files in that directory.
2022-01-14 23:41:53,696:INFO:mssql-conf: Trying to make owner and group of the log files at /var/opt/mssql/log/mssql-conf mssql.
2022-01-14 23:41:53,697:INFO:mssql-conf: Found user ID (10001) and group ID (999) for user mssql.
2022-01-14 23:41:53,698:INFO:mssql-conf: Trying chown the directory.
2022-01-14 23:41:53,698:INFO:mssql-conf: Succesfully chown'd the directory.
2022-01-14 23:41:53,699:INFO:mssql-conf: Trying to set ownership for file /var/opt/mssql/log/mssql-conf/mssql-conf.log.
2022-01-14 23:41:53,700:INFO:mssql-conf: Successfully set ownership for file.
2022-01-14 23:41:53,700:INFO:mssql-conf: Changing the permissions of the file to 660.
2022-01-14 23:41:53,701:INFO:mssql-conf: Changed the permissions of the file.
2022-01-14 23:41:53,701:INFO:mssql-conf: Successfully changed ownership for the directory /var/opt/mssql/log/mssql-conf and all files in that directory.
2022-01-14 23:41:53,701:INFO:mssql-conf: Added shutdown hook to ensure ownership on the log files is correct.
2022-01-14 23:41:53,701:INFO:mssql-conf: Logging has been fully configured.
2022-01-14 23:41:53,702:INFO:mssql-conf: Executing command: [get]
2022-01-14 23:41:53,702:INFO:mssql-conf: Executed command [get] successfully
2022-01-14 23:41:53,702:INFO:mssql-conf: Trying to make owner and group of the log files at /var/opt/mssql/log/mssql-conf mssql.
2022-01-14 23:41:53,703:INFO:mssql-conf: Found user ID (10001) and group ID (999) for user mssql.
2022-01-14 23:41:53,703:INFO:mssql-conf: Trying chown the directory.
2022-01-14 23:41:53,703:INFO:mssql-conf: Succesfully chown'd the directory.
2022-01-14 23:41:53,704:INFO:mssql-conf: Trying to set ownership for file /var/opt/mssql/log/mssql-conf/mssql-conf.log.
2022-01-14 23:41:53,705:INFO:mssql-conf: Successfully set ownership for file.
2022-01-14 23:41:53,705:INFO:mssql-conf: Changing the permissions of the file to 660.
2022-01-14 23:41:53,706:INFO:mssql-conf: Changed the permissions of the file.
2022-01-14 23:41:53,706:INFO:mssql-conf: Successfully changed ownership for the directory /var/opt/mssql/log/mssql-conf and all files in that directory.
2022-01-14 23:44:56,265:INFO:mssql-conf: Trying to make owner and group of the log files at /var/opt/mssql/log/mssql-conf mssql.
2022-01-14 23:44:56,267:INFO:mssql-conf: Found user ID (10001) and group ID (999) for user mssql.
2022-01-14 23:44:56,268:INFO:mssql-conf: Trying chown the directory.
2022-01-14 23:44:56,268:INFO:mssql-conf: Succesfully chown'd the directory.
2022-01-14 23:44:56,270:INFO:mssql-conf: Trying to set ownership for file /var/opt/mssql/log/mssql-conf/mssql-conf.log.
2022-01-14 23:44:56,271:INFO:mssql-conf: Successfully set ownership for file.
2022-01-14 23:44:56,271:INFO:mssql-conf: Changing the permissions of the file to 660.
2022-01-14 23:44:56,272:INFO:mssql-conf: Changed the permissions of the file.
2022-01-14 23:44:56,272:INFO:mssql-conf: Successfully changed ownership for the directory /var/opt/mssql/log/mssql-conf and all files in that directory.
2022-01-14 23:44:56,273:INFO:mssql-conf: Added shutdown hook to ensure ownership on the log files is correct.
2022-01-14 23:44:56,273:INFO:mssql-conf: Logging has been fully configured.
2022-01-14 23:44:56,273:INFO:mssql-conf: Executing command: [get]
2022-01-14 23:44:56,274:INFO:mssql-conf: Executed command [get] successfully
2022-01-14 23:44:56,274:INFO:mssql-conf: Trying to make owner and group of the log files at /var/opt/mssql/log/mssql-conf mssql.
2022-01-14 23:44:56,274:INFO:mssql-conf: Found user ID (10001) and group ID (999) for user mssql.
2022-01-14 23:44:56,275:INFO:mssql-conf: Trying chown the directory.
2022-01-14 23:44:56,275:INFO:mssql-conf: Succesfully chown'd the directory.
2022-01-14 23:44:56,276:INFO:mssql-conf: Trying to set ownership for file /var/opt/mssql/log/mssql-conf/mssql-conf.log.
2022-01-14 23:44:56,277:INFO:mssql-conf: Successfully set ownership for file.
2022-01-14 23:44:56,277:INFO:mssql-conf: Changing the permissions of the file to 660.
2022-01-14 23:44:56,277:INFO:mssql-conf: Changed the permissions of the file.
2022-01-14 23:44:56,278:INFO:mssql-conf: Successfully changed ownership for the directory /var/opt/mssql/log/mssql-conf and all files in that directory.
2022-01-14 23:44:56,373:INFO:mssql-conf: Trying to make owner and group of the log files at /var/opt/mssql/log/mssql-conf mssql.
2022-01-14 23:44:56,373:INFO:mssql-conf: Found user ID (10001) and group ID (999) for user mssql.
2022-01-14 23:44:56,374:INFO:mssql-conf: Trying chown the directory.
2022-01-14 23:44:56,375:INFO:mssql-conf: Succesfully chown'd the directory.
2022-01-14 23:44:56,376:INFO:mssql-conf: Trying to set ownership for file /var/opt/mssql/log/mssql-conf/mssql-conf.log.
2022-01-14 23:44:56,377:INFO:mssql-conf: Successfully set ownership for file.
2022-01-14 23:44:56,377:INFO:mssql-conf: Changing the permissions of the file to 660.
2022-01-14 23:44:56,378:INFO:mssql-conf: Changed the permissions of the file.
2022-01-14 23:44:56,378:INFO:mssql-conf: Successfully changed ownership for the directory /var/opt/mssql/log/mssql-conf and all files in that directory.
2022-01-14 23:44:56,378:INFO:mssql-conf: Added shutdown hook to ensure ownership on the log files is correct.
2022-01-14 23:44:56,378:INFO:mssql-conf: Logging has been fully configured.
2022-01-14 23:44:56,379:INFO:mssql-conf: Executing command: [get]
2022-01-14 23:44:56,379:INFO:mssql-conf: Executed command [get] successfully
2022-01-14 23:44:56,379:INFO:mssql-conf: Trying to make owner and group of the log files at /var/opt/mssql/log/mssql-conf mssql.
2022-01-14 23:44:56,380:INFO:mssql-conf: Found user ID (10001) and group ID (999) for user mssql.
2022-01-14 23:44:56,380:INFO:mssql-conf: Trying chown the directory.
2022-01-14 23:44:56,381:INFO:mssql-conf: Succesfully chown'd the directory.
2022-01-14 23:44:56,381:INFO:mssql-conf: Trying to set ownership for file /var/opt/mssql/log/mssql-conf/mssql-conf.log.
2022-01-14 23:44:56,382:INFO:mssql-conf: Successfully set ownership for file.
2022-01-14 23:44:56,382:INFO:mssql-conf: Changing the permissions of the file to 660.
2022-01-14 23:44:56,383:INFO:mssql-conf: Changed the permissions of the file.
2022-01-14 23:44:56,383:INFO:mssql-conf: Successfully changed ownership for the directory /var/opt/mssql/log/mssql-conf and all files in that directory.
2022-01-14 23:50:54,294:INFO:mssql-conf: Trying to make owner and group of the log files at /var/opt/mssql/log/mssql-conf mssql.
2022-01-14 23:50:54,296:INFO:mssql-conf: Found user ID (10001) and group ID (999) for user mssql.
2022-01-14 23:50:54,296:INFO:mssql-conf: Trying chown the directory.
2022-01-14 23:50:54,297:INFO:mssql-conf: Succesfully chown'd the directory.
2022-01-14 23:50:54,299:INFO:mssql-conf: Trying to set ownership for file /var/opt/mssql/log/mssql-conf/mssql-conf.log.
2022-01-14 23:50:54,300:INFO:mssql-conf: Successfully set ownership for file.
2022-01-14 23:50:54,301:INFO:mssql-conf: Changing the permissions of the file to 660.
2022-01-14 23:50:54,301:INFO:mssql-conf: Changed the permissions of the file.
2022-01-14 23:50:54,302:INFO:mssql-conf: Successfully changed ownership for the directory /var/opt/mssql/log/mssql-conf and all files in that directory.
2022-01-14 23:50:54,302:INFO:mssql-conf: Added shutdown hook to ensure ownership on the log files is correct.
2022-01-14 23:50:54,302:INFO:mssql-conf: Logging has been fully configured.
2022-01-14 23:50:54,303:INFO:mssql-conf: Executing command: [get]
2022-01-14 23:50:54,304:INFO:mssql-conf: Executed command [get] successfully
2022-01-14 23:50:54,304:INFO:mssql-conf: Trying to make owner and group of the log files at /var/opt/mssql/log/mssql-conf mssql.
2022-01-14 23:50:54,304:INFO:mssql-conf: Found user ID (10001) and group ID (999) for user mssql.
2022-01-14 23:50:54,305:INFO:mssql-conf: Trying chown the directory.
2022-01-14 23:50:54,305:INFO:mssql-conf: Succesfully chown'd the directory.
2022-01-14 23:50:54,306:INFO:mssql-conf: Trying to set ownership for file /var/opt/mssql/log/mssql-conf/mssql-conf.log.
2022-01-14 23:50:54,307:INFO:mssql-conf: Successfully set ownership for file.
2022-01-14 23:50:54,307:INFO:mssql-conf: Changing the permissions of the file to 660.
2022-01-14 23:50:54,308:INFO:mssql-conf: Changed the permissions of the file.
2022-01-14 23:50:54,309:INFO:mssql-conf: Successfully changed ownership for the directory /var/opt/mssql/log/mssql-conf and all files in that directory.
2022-01-14 23:50:54,417:INFO:mssql-conf: Trying to make owner and group of the log files at /var/opt/mssql/log/mssql-conf mssql.
2022-01-14 23:50:54,418:INFO:mssql-conf: Found user ID (10001) and group ID (999) for user mssql.
2022-01-14 23:50:54,418:INFO:mssql-conf: Trying chown the directory.
2022-01-14 23:50:54,419:INFO:mssql-conf: Succesfully chown'd the directory.
2022-01-14 23:50:54,420:INFO:mssql-conf: Trying to set ownership for file /var/opt/mssql/log/mssql-conf/mssql-conf.log.
2022-01-14 23:50:54,421:INFO:mssql-conf: Successfully set ownership for file.
2022-01-14 23:50:54,421:INFO:mssql-conf: Changing the permissions of the file to 660.
2022-01-14 23:50:54,422:INFO:mssql-conf: Changed the permissions of the file.
2022-01-14 23:50:54,422:INFO:mssql-conf: Successfully changed ownership for the directory /var/opt/mssql/log/mssql-conf and all files in that directory.
2022-01-14 23:50:54,423:INFO:mssql-conf: Added shutdown hook to ensure ownership on the log files is correct.
2022-01-14 23:50:54,423:INFO:mssql-conf: Logging has been fully configured.
2022-01-14 23:50:54,423:INFO:mssql-conf: Executing command: [get]
2022-01-14 23:50:54,424:INFO:mssql-conf: Executed command [get] successfully
2022-01-14 23:50:54,424:INFO:mssql-conf: Trying to make owner and group of the log files at /var/opt/mssql/log/mssql-conf mssql.
2022-01-14 23:50:54,424:INFO:mssql-conf: Found user ID (10001) and group ID (999) for user mssql.
2022-01-14 23:50:54,425:INFO:mssql-conf: Trying chown the directory.
2022-01-14 23:50:54,426:INFO:mssql-conf: Succesfully chown'd the directory.
2022-01-14 23:50:54,428:INFO:mssql-conf: Trying to set ownership for file /var/opt/mssql/log/mssql-conf/mssql-conf.log.
2022-01-14 23:50:54,429:INFO:mssql-conf: Successfully set ownership for file.
2022-01-14 23:50:54,430:INFO:mssql-conf: Changing the permissions of the file to 660.
2022-01-14 23:50:54,431:INFO:mssql-conf: Changed the permissions of the file.
2022-01-14 23:50:54,431:INFO:mssql-conf: Successfully changed ownership for the directory /var/opt/mssql/log/mssql-conf and all files in that directory.
2022-01-14 23:53:36,533:INFO:mssql-conf: Trying to make owner and group of the log files at /var/opt/mssql/log/mssql-conf mssql.
2022-01-14 23:53:36,537:INFO:mssql-conf: Found user ID (10001) and group ID (999) for user mssql.
2022-01-14 23:53:36,537:INFO:mssql-conf: Trying chown the directory.
2022-01-14 23:53:36,539:INFO:mssql-conf: Succesfully chown'd the directory.
2022-01-14 23:53:36,540:INFO:mssql-conf: Trying to set ownership for file /var/opt/mssql/log/mssql-conf/mssql-conf.log.
2022-01-14 23:53:36,542:INFO:mssql-conf: Successfully set ownership for file.
2022-01-14 23:53:36,543:INFO:mssql-conf: Changing the permissions of the file to 660.
2022-01-14 23:53:36,543:INFO:mssql-conf: Changed the permissions of the file.
2022-01-14 23:53:36,544:INFO:mssql-conf: Successfully changed ownership for the directory /var/opt/mssql/log/mssql-conf and all files in that directory.
2022-01-14 23:53:36,544:INFO:mssql-conf: Added shutdown hook to ensure ownership on the log files is correct.
2022-01-14 23:53:36,544:INFO:mssql-conf: Logging has been fully configured.
2022-01-14 23:53:36,544:INFO:mssql-conf: Executing command: [get]
2022-01-14 23:53:36,545:INFO:mssql-conf: Executed command [get] successfully
2022-01-14 23:53:36,545:INFO:mssql-conf: Trying to make owner and group of the log files at /var/opt/mssql/log/mssql-conf mssql.
2022-01-14 23:53:36,546:INFO:mssql-conf: Found user ID (10001) and group ID (999) for user mssql.
2022-01-14 23:53:36,546:INFO:mssql-conf: Trying chown the directory.
2022-01-14 23:53:36,547:INFO:mssql-conf: Succesfully chown'd the directory.
2022-01-14 23:53:36,548:INFO:mssql-conf: Trying to set ownership for file /var/opt/mssql/log/mssql-conf/mssql-conf.log.
2022-01-14 23:53:36,549:INFO:mssql-conf: Successfully set ownership for file.
2022-01-14 23:53:36,550:INFO:mssql-conf: Changing the permissions of the file to 660.
2022-01-14 23:53:36,550:INFO:mssql-conf: Changed the permissions of the file.
2022-01-14 23:53:36,550:INFO:mssql-conf: Successfully changed ownership for the directory /var/opt/mssql/log/mssql-conf and all files in that directory.
2022-01-14 23:53:36,652:INFO:mssql-conf: Trying to make owner and group of the log files at /var/opt/mssql/log/mssql-conf mssql.
2022-01-14 23:53:36,653:INFO:mssql-conf: Found user ID (10001) and group ID (999) for user mssql.
2022-01-14 23:53:36,653:INFO:mssql-conf: Trying chown the directory.
2022-01-14 23:53:36,654:INFO:mssql-conf: Succesfully chown'd the directory.
2022-01-14 23:53:36,656:INFO:mssql-conf: Trying to set ownership for file /var/opt/mssql/log/mssql-conf/mssql-conf.log.
2022-01-14 23:53:36,657:INFO:mssql-conf: Successfully set ownership for file.
2022-01-14 23:53:36,658:INFO:mssql-conf: Changing the permissions of the file to 660.
2022-01-14 23:53:36,658:INFO:mssql-conf: Changed the permissions of the file.
2022-01-14 23:53:36,658:INFO:mssql-conf: Successfully changed ownership for the directory /var/opt/mssql/log/mssql-conf and all files in that directory.
2022-01-14 23:53:36,659:INFO:mssql-conf: Added shutdown hook to ensure ownership on the log files is correct.
2022-01-14 23:53:36,659:INFO:mssql-conf: Logging has been fully configured.
2022-01-14 23:53:36,659:INFO:mssql-conf: Executing command: [get]
2022-01-14 23:53:36,660:INFO:mssql-conf: Executed command [get] successfully
2022-01-14 23:53:36,660:INFO:mssql-conf: Trying to make owner and group of the log files at /var/opt/mssql/log/mssql-conf mssql.
2022-01-14 23:53:36,660:INFO:mssql-conf: Found user ID (10001) and group ID (999) for user mssql.
2022-01-14 23:53:36,660:INFO:mssql-conf: Trying chown the directory.
2022-01-14 23:53:36,661:INFO:mssql-conf: Succesfully chown'd the directory.
2022-01-14 23:53:36,662:INFO:mssql-conf: Trying to set ownership for file /var/opt/mssql/log/mssql-conf/mssql-conf.log.
2022-01-14 23:53:36,663:INFO:mssql-conf: Successfully set ownership for file.
2022-01-14 23:53:36,663:INFO:mssql-conf: Changing the permissions of the file to 660.
2022-01-14 23:53:36,663:INFO:mssql-conf: Changed the permissions of the file.
2022-01-14 23:53:36,664:INFO:mssql-conf: Successfully changed ownership for the directory /var/opt/mssql/log/mssql-conf and all files in that directory.
